<?xml version="1.0" encoding="UTF-8"?>
<!-- Generated by org.testng.reporters.JUnitXMLReporter -->
<testsuite ignored="2" hostname="LAPTOP-34KBHEDN" failures="0" tests="5" name="Car Loan" time="0.014" errors="0" timestamp="2021-10-13T17:13:46 IST">
  <testcase classname="demoPac.day3" name="MobileLogInCarLoan" time="0.001"/>
  <testcase classname="demoPac.day3" name="MobileSignOutCarLoan" time="0.001"/>
  <testcase classname="demoPac.day3" name="MobileSignOutCarLoan" time="0.001"/>
  <testcase classname="demoPac.day3" name="MobileSignOutCarLoan" time="0.001"/>
  <testcase classname="demoPac.day3" name="WebLogInCarLoan" time="0.0"/>
  <testcase classname="demoPac.day3" name="ApiLogInCarLoan" time="0.0">
    <ignored/>
  </testcase> <!-- ApiLogInCarLoan -->
  <testcase classname="demoPac.day3" name="MobileSignInCarLoan" time="0.0">
    <ignored/>
  </testcase> <!-- MobileSignInCarLoan -->
</testsuite> <!-- Car Loan -->
