<?xml version="1.0" encoding="UTF-8"?>
<!-- Generated by org.testng.reporters.JUnitXMLReporter -->
<testsuite ignored="1" hostname="LAPTOP-34KBHEDN" failures="0" tests="5" name="Loan Department" time="0.042" errors="0" timestamp="2021-10-12T23:22:22 IST">
  <testcase classname="DemoPac.day1" name="Demo2" time="0.003"/>
  <testcase classname="DemoPac.day2" name="Demo3" time="0.001"/>
  <testcase classname="DemoPac.day4" name="ApiLogInHomeLoan" time="0.001"/>
  <testcase classname="DemoPac.day4" name="MobileLogInHomeLoan" time="0.001"/>
  <testcase classname="DemoPac.day4" name="WebLogInHomeLoan" time="0.001"/>
  <testcase classname="DemoPac.day1" name="Demo1" time="0.0">
    <ignored/>
  </testcase> <!-- Demo1 -->
</testsuite> <!-- Loan Department -->
