<?xml version="1.0" encoding="UTF-8"?>
<!-- Generated by org.testng.reporters.JUnitXMLReporter -->
<testsuite ignored="1" hostname="LAPTOP-34KBHEDN" failures="1" tests="5" name="Personal Loan" time="0.039" errors="0" timestamp="2021-10-13T17:13:46 IST">
  <testcase classname="demoPac.day1" name="Demo1" time="0.005">
    <failure type="java.lang.AssertionError" message="expected [true] but found [false]">
      <![CDATA[java.lang.AssertionError: expected [true] but found [false]
at demoPac.day1.Demo1(day1.java:18)
at java.base/java.util.ArrayList.forEach(ArrayList.java:1511)
... Removed 31 stack frames]]>
    </failure>
  </testcase> <!-- Demo1 -->
  <testcase classname="demoPac.day2" name="Demo3" time="0.002"/>
  <testcase classname="demoPac.day4" name="ApiLogInHomeLoan" time="0.001"/>
  <testcase classname="demoPac.day4" name="MobileLogInHomeLoan" time="0.001"/>
  <testcase classname="demoPac.day4" name="WebLogInHomeLoan" time="0.0"/>
  <testcase classname="demoPac.day1" name="Demo2" time="0.0">
    <ignored/>
  </testcase> <!-- Demo2 -->
</testsuite> <!-- Personal Loan -->
