<?xml version="1.0" encoding="UTF-8"?>
<!-- Generated by org.testng.reporters.JUnitXMLReporter -->
<testsuite ignored="8" hostname="LAPTOP-34KBHEDN" failures="0" tests="3" name="Regression" time="0.033" errors="0" timestamp="2021-10-12T16:44:44 IST">
  <testcase classname="DemoPac.day2" name="Demo3" time="0.005"/>
  <testcase classname="DemoPac.day4" name="MobileLogInHomeLoan" time="0.001"/>
  <testcase classname="DemoPac.day3" name="MobileLogInCarLoan" time="0.001"/>
  <testcase classname="DemoPac.day4" name="ApiLogInHomeLoan" time="0.0">
    <ignored/>
  </testcase> <!-- ApiLogInHomeLoan -->
  <testcase classname="DemoPac.day3" name="WebLogInCarLoan" time="0.0">
    <ignored/>
  </testcase> <!-- WebLogInCarLoan -->
  <testcase classname="DemoPac.day3" name="MobileSignOutCarLoan" time="0.0">
    <ignored/>
  </testcase> <!-- MobileSignOutCarLoan -->
  <testcase classname="DemoPac.day3" name="MobileSignInCarLoan" time="0.0">
    <ignored/>
  </testcase> <!-- MobileSignInCarLoan -->
  <testcase classname="DemoPac.day1" name="Demo1" time="0.0">
    <ignored/>
  </testcase> <!-- Demo1 -->
  <testcase classname="DemoPac.day3" name="ApiLogInCarLoan" time="0.0">
    <ignored/>
  </testcase> <!-- ApiLogInCarLoan -->
  <testcase classname="DemoPac.day1" name="Demo2" time="0.0">
    <ignored/>
  </testcase> <!-- Demo2 -->
  <testcase classname="DemoPac.day4" name="WebLogInHomeLoan" time="0.0">
    <ignored/>
  </testcase> <!-- WebLogInHomeLoan -->
</testsuite> <!-- Regression -->
